
> my-v0-project@0.1.0 build-storybook C:\Users\mohit\Code\react-components
> storybook build "--output-dir=C:\\Users\\mohit\\AppData\\Local\\Temp\\chromatic--1900-s7zJYE8Gzpu0"

[1m@storybook/core v8.6.14
[22m
info => Cleaning outputDir: [36m..\..\AppData\Local\Temp\chromatic--1900-s7zJYE8Gzpu0[39m
info => Loading presets
info Found existing addon "@storybook/addon-docs", skipping.
info Found existing addon "@storybook/addon-docs", skipping.
info => Building manager..
info => Manager built ([38;2;181;126;229m291 ms[39m)
info => Building preview..
info Using tsconfig paths for react-docgen
[36mvite v7.1.2 [32mbuilding for production...[36m[39m
transforming...
[32m✓[39m 1668 modules transformed.
rendering chunks...
computing gzip size...
[2m../../AppData/Local/Temp/chromatic--1900-s7zJYE8Gzpu0/[22m[32miframe.html                               [39m[1m[2m 17.84 kB[22m[1m[22m[2m │ gzip:   5.00 kB[22m
[2m../../AppData/Local/Temp/chromatic--1900-s7zJYE8Gzpu0/[22m[35massets/preview-Dx5QMn2j.css               [39m[1m[2m 12.99 kB[22m[1m[22m[2m │ gzip:   3.33 kB[22m
[2m../../AppData/Local/Temp/chromatic--1900-s7zJYE8Gzpu0/[22m[36massets/_commonjsHelpers-CqkleIqs.js       [39m[1m[2m  0.12 kB[22m[1m[22m[2m │ gzip:   0.13 kB[22m
[2m../../AppData/Local/Temp/chromatic--1900-s7zJYE8Gzpu0/[22m[36massets/index-xjbnbdT4.js                  [39m[1m[2m  0.14 kB[22m[1m[22m[2m │ gzip:   0.13 kB[22m
[2m../../AppData/Local/Temp/chromatic--1900-s7zJYE8Gzpu0/[22m[36massets/preview-Ca0ZDuvo.js                [39m[1m[2m  0.16 kB[22m[1m[22m[2m │ gzip:   0.16 kB[22m
[2m../../AppData/Local/Temp/chromatic--1900-s7zJYE8Gzpu0/[22m[36massets/preview-TqM3Oi8H.js                [39m[1m[2m  0.17 kB[22m[1m[22m[2m │ gzip:   0.15 kB[22m
[2m../../AppData/Local/Temp/chromatic--1900-s7zJYE8Gzpu0/[22m[36massets/index-DvV7oH2q.js                  [39m[1m[2m  0.46 kB[22m[1m[22m[2m │ gzip:   0.30 kB[22m
[2m../../AppData/Local/Temp/chromatic--1900-s7zJYE8Gzpu0/[22m[36massets/preview-caVMbCIR.js                [39m[1m[2m  0.69 kB[22m[1m[22m[2m │ gzip:   0.48 kB[22m
[2m../../AppData/Local/Temp/chromatic--1900-s7zJYE8Gzpu0/[22m[36massets/chunk-XP5HYGXS-BpfKkqn7.js         [39m[1m[2m  0.71 kB[22m[1m[22m[2m │ gzip:   0.40 kB[22m
[2m../../AppData/Local/Temp/chromatic--1900-s7zJYE8Gzpu0/[22m[36massets/jsx-runtime-D_zvdyIk.js            [39m[1m[2m  0.73 kB[22m[1m[22m[2m │ gzip:   0.46 kB[22m
[2m../../AppData/Local/Temp/chromatic--1900-s7zJYE8Gzpu0/[22m[36massets/index-DrFu-skq.js                  [39m[1m[2m  0.77 kB[22m[1m[22m[2m │ gzip:   0.47 kB[22m
[2m../../AppData/Local/Temp/chromatic--1900-s7zJYE8Gzpu0/[22m[36massets/preview-DNvX6gjm.js                [39m[1m[2m  0.92 kB[22m[1m[22m[2m │ gzip:   0.57 kB[22m
[2m../../AppData/Local/Temp/chromatic--1900-s7zJYE8Gzpu0/[22m[36massets/preview-FiyIfTM_.js                [39m[1m[2m  0.93 kB[22m[1m[22m[2m │ gzip:   0.59 kB[22m
[2m../../AppData/Local/Temp/chromatic--1900-s7zJYE8Gzpu0/[22m[36massets/test-utils-BiKc-PIn.js             [39m[1m[2m  1.16 kB[22m[1m[22m[2m │ gzip:   0.72 kB[22m
[2m../../AppData/Local/Temp/chromatic--1900-s7zJYE8Gzpu0/[22m[36massets/DocsRenderer-CFRXHY34-jTDukR9K.js  [39m[1m[2m  1.40 kB[22m[1m[22m[2m │ gzip:   0.74 kB[22m
[2m../../AppData/Local/Temp/chromatic--1900-s7zJYE8Gzpu0/[22m[36massets/Introduction.stories-BMahi0oB.js   [39m[1m[2m  1.93 kB[22m[1m[22m[2m │ gzip:   0.88 kB[22m
[2m../../AppData/Local/Temp/chromatic--1900-s7zJYE8Gzpu0/[22m[36massets/preview-CzaSAjjv.js                [39m[1m[2m  2.10 kB[22m[1m[22m[2m │ gzip:   1.18 kB[22m
[2m../../AppData/Local/Temp/chromatic--1900-s7zJYE8Gzpu0/[22m[36massets/preview-WIE65ICp.js                [39m[1m[2m  3.40 kB[22m[1m[22m[2m │ gzip:   1.65 kB[22m
[2m../../AppData/Local/Temp/chromatic--1900-s7zJYE8Gzpu0/[22m[36massets/index-CTFRWjhe.js                  [39m[1m[2m  3.89 kB[22m[1m[22m[2m │ gzip:   1.52 kB[22m
[2m../../AppData/Local/Temp/chromatic--1900-s7zJYE8Gzpu0/[22m[36massets/preview-DGZ5Qq08.js                [39m[1m[2m  4.87 kB[22m[1m[22m[2m │ gzip:   1.79 kB[22m
[2m../../AppData/Local/Temp/chromatic--1900-s7zJYE8Gzpu0/[22m[36massets/preview-BWzBA1C2.js                [39m[1m[2m  7.62 kB[22m[1m[22m[2m │ gzip:   1.56 kB[22m
[2m../../AppData/Local/Temp/chromatic--1900-s7zJYE8Gzpu0/[22m[36massets/preview-DTyQTpzx.js                [39m[1m[2m  8.07 kB[22m[1m[22m[2m │ gzip:   3.07 kB[22m
[2m../../AppData/Local/Temp/chromatic--1900-s7zJYE8Gzpu0/[22m[36massets/index-BoO70ywZ.js                  [39m[1m[2m  8.35 kB[22m[1m[22m[2m │ gzip:   3.28 kB[22m
[2m../../AppData/Local/Temp/chromatic--1900-s7zJYE8Gzpu0/[22m[36massets/InputField.stories-CcmCX1ra.js     [39m[1m[2m 11.56 kB[22m[1m[22m[2m │ gzip:   3.31 kB[22m
[2m../../AppData/Local/Temp/chromatic--1900-s7zJYE8Gzpu0/[22m[36massets/DataTable.stories-7-_LY12s.js      [39m[1m[2m 21.73 kB[22m[1m[22m[2m │ gzip:   7.10 kB[22m
[2m../../AppData/Local/Temp/chromatic--1900-s7zJYE8Gzpu0/[22m[36massets/utils-CS2_nk2_.js                  [39m[1m[2m 21.85 kB[22m[1m[22m[2m │ gzip:   7.42 kB[22m
[2m../../AppData/Local/Temp/chromatic--1900-s7zJYE8Gzpu0/[22m[36massets/Color-YHDXOIA2-D3aeHHrl.js         [39m[1m[2m 29.21 kB[22m[1m[22m[2m │ gzip:  11.02 kB[22m
[2m../../AppData/Local/Temp/chromatic--1900-s7zJYE8Gzpu0/[22m[36massets/matchers-7Z3WT2CE-CcSi9QFY.js      [39m[1m[2m 29.66 kB[22m[1m[22m[2m │ gzip:  10.29 kB[22m
[2m../../AppData/Local/Temp/chromatic--1900-s7zJYE8Gzpu0/[22m[36massets/entry-preview-D2m793_R.js          [39m[1m[2m 29.69 kB[22m[1m[22m[2m │ gzip:   9.51 kB[22m
[2m../../AppData/Local/Temp/chromatic--1900-s7zJYE8Gzpu0/[22m[36massets/index-BfFTulA3.js                  [39m[1m[2m 56.84 kB[22m[1m[22m[2m │ gzip:  16.20 kB[22m
[2m../../AppData/Local/Temp/chromatic--1900-s7zJYE8Gzpu0/[22m[36massets/react-18-CacIX4hT.js               [39m[1m[2m174.57 kB[22m[1m[22m[2m │ gzip:  55.28 kB[22m
[2m../../AppData/Local/Temp/chromatic--1900-s7zJYE8Gzpu0/[22m[36massets/iframe-CSdR2ggL.js                 [39m[1m[2m210.34 kB[22m[1m[22m[2m │ gzip:  71.32 kB[22m
[2m../../AppData/Local/Temp/chromatic--1900-s7zJYE8Gzpu0/[22m[36massets/entry-preview-docs-BiEL7iTq.js     [39m[1m[2m246.79 kB[22m[1m[22m[2m │ gzip:  73.36 kB[22m
[2m../../AppData/Local/Temp/chromatic--1900-s7zJYE8Gzpu0/[22m[36massets/axe-C59a3kt3.js                    [39m[1m[33m572.30 kB[39m[22m[2m │ gzip: 158.02 kB[22m
[2m../../AppData/Local/Temp/chromatic--1900-s7zJYE8Gzpu0/[22m[36massets/index-uSvbO5HI.js                  [39m[1m[33m659.59 kB[39m[22m[2m │ gzip: 156.17 kB[22m
[2m../../AppData/Local/Temp/chromatic--1900-s7zJYE8Gzpu0/[22m[36massets/index-CzBbjPZ6.js                  [39m[1m[33m888.93 kB[39m[22m[2m │ gzip: 274.75 kB[22m
[32m✓ built in 10.96s[39m
info => Preview built ([38;2;181;126;229m14 s[39m)
info => Output directory: C:\Users\mohit\AppData\Local\Temp\chromatic--1900-s7zJYE8Gzpu0
